<?xml version="1.0" encoding="UTF-8"?>
<testng-results ignored="0" total="1" passed="1" failed="0" skipped="0">
  <reporter-output>
  </reporter-output>
  <suite started-at="2020-11-08T20:51:03 CET" name="Default suite" finished-at="2020-11-08T20:51:38 CET" duration-ms="34846">
    <groups>
    </groups>
    <test started-at="2020-11-08T20:51:03 CET" name="Default test" finished-at="2020-11-08T20:51:38 CET" duration-ms="34846">
      <class name="DataDrivenTestingDemo1">
        <test-method signature="DataDriven()[pri:0, instance:DataDrivenTestingDemo1@1d119efb]" started-at="2020-11-08T20:51:03 CET" name="DataDriven" finished-at="2020-11-08T20:51:38 CET" duration-ms="34815" status="PASS">
          <reporter-output>
          </reporter-output>
        </test-method> <!-- DataDriven -->
      </class> <!-- DataDrivenTestingDemo1 -->
    </test> <!-- Default test -->
  </suite> <!-- Default suite -->
</testng-results>
